[1673508499.131][INFO]: Starting ChromeDriver 108.0.5359.71 (1e0e3868ee06e91ad636a874420e3ca3ae3756ac-refs/branch-heads/5359@{#1016}) on port 54461
[1673508499.131][INFO]: Please see https://chromedriver.chromium.org/security-considerations for suggestions on keeping ChromeDriver safe.
[1673508499.630][INFO]: [52114cff23a57ad4192f932813cc846a] COMMAND InitSession {
   "capabilities": {
      "alwaysMatch": {
         "browserName": "chrome",
         "goog:chromeOptions": {
            "args": [  ],
            "excludeSwitches": [ "enable-logging" ],
            "extensions": [  ]
         },
         "platformName": "any"
      },
      "firstMatch": [ {
      } ]
   },
   "desiredCapabilities": {
      "browserName": "chrome",
      "goog:chromeOptions": {
         "args": [  ],
         "excludeSwitches": [ "enable-logging" ],
         "extensions": [  ]
      },
      "platform": "ANY",
      "version": ""
   }
}
[1673508499.633][INFO]: Populating Preferences file: {
   "alternate_error_pages": {
      "enabled": false
   },
   "autofill": {
      "enabled": false
   },
   "browser": {
      "check_default_browser": false
   },
   "distribution": {
      "import_bookmarks": false,
      "import_history": false,
      "import_search_engine": false,
      "make_chrome_default_for_user": false,
      "skip_first_run_ui": true
   },
   "dns_prefetching": {
      "enabled": false
   },
   "profile": {
      "content_settings": {
         "pattern_pairs": {
            "https://*,*": {
               "media-stream": {
                  "audio": "Default",
                  "video": "Default"
               }
            }
         }
      },
      "default_content_setting_values": {
         "geolocation": 1
      },
      "default_content_settings": {
         "geolocation": 1,
         "mouselock": 1,
         "notifications": 1,
         "popups": 1,
         "ppapi-broker": 1
      },
      "password_manager_enabled": false
   },
   "safebrowsing": {
      "enabled": false
   },
   "search": {
      "suggest_enabled": false
   },
   "translate": {
      "enabled": false
   }
}
[1673508499.634][INFO]: Populating Local State file: {
   "background_mode": {
      "enabled": false
   },
   "ssl": {
      "rev_checking": {
         "enabled": false
      }
   }
}
[1673508499.637][INFO]: Launching chrome: "C:\Program Files\Google\Chrome\Application\chrome.exe" --allow-pre-commit-input --disable-background-networking --disable-backgrounding-occluded-windows --disable-client-side-phishing-detection --disable-default-apps --disable-hang-monitor --disable-popup-blocking --disable-prompt-on-repost --disable-sync --enable-automation --enable-blink-features=ShadowDOMV0 --log-level=0 --no-first-run --no-service-autorun --password-store=basic --remote-debugging-port=0 --test-type=webdriver --use-mock-keychain --user-data-dir="C:\Users\daint\AppData\Local\Temp\scoped_dir20028_2132972074" data:,
[1673508500.150][INFO]: resolved localhost to ["::1","127.0.0.1"]
[1673508500.156][INFO]: [52114cff23a57ad4192f932813cc846a] RESPONSE InitSession {
   "capabilities": {
      "acceptInsecureCerts": false,
      "browserName": "chrome",
      "browserVersion": "108.0.5359.125",
      "chrome": {
         "chromedriverVersion": "108.0.5359.71 (1e0e3868ee06e91ad636a874420e3ca3ae3756ac-refs/branch-heads/5359@{#1016})",
         "userDataDir": "C:\\Users\\daint\\AppData\\Local\\Temp\\scoped_dir20028_2132972074"
      },
      "goog:chromeOptions": {
         "debuggerAddress": "localhost:54469"
      },
      "networkConnectionEnabled": false,
      "pageLoadStrategy": "normal",
      "platformName": "windows",
      "proxy": {
      },
      "setWindowRect": true,
      "strictFileInteractability": false,
      "timeouts": {
         "implicit": 0,
         "pageLoad": 300000,
         "script": 30000
      },
      "unhandledPromptBehavior": "dismiss and notify",
      "webauthn:extension:credBlob": true,
      "webauthn:extension:largeBlob": true,
      "webauthn:virtualAuthenticators": true
   },
   "sessionId": "52114cff23a57ad4192f932813cc846a"
}
[1673508500.158][INFO]: [52114cff23a57ad4192f932813cc846a] COMMAND Navigate {
   "url": "https://github.com/"
}
[1673508500.158][INFO]: Waiting for pending navigations...
[1673508500.159][INFO]: Done waiting for pending navigations. Status: ok
[1673508500.355][INFO]: Waiting for pending navigations...
[1673508501.188][INFO]: Done waiting for pending navigations. Status: ok
[1673508501.188][INFO]: [52114cff23a57ad4192f932813cc846a] RESPONSE Navigate
[1673508501.190][INFO]: [52114cff23a57ad4192f932813cc846a] COMMAND MaximizeWindow {
}
[1673508501.190][INFO]: Waiting for pending navigations...
[1673508501.190][INFO]: Done waiting for pending navigations. Status: ok
[1673508501.313][INFO]: Waiting for pending navigations...
[1673508501.597][INFO]: Done waiting for pending navigations. Status: ok
[1673508501.597][INFO]: [52114cff23a57ad4192f932813cc846a] RESPONSE MaximizeWindow {
   "height": 1056,
   "width": 1936,
   "x": -8,
   "y": -8
}
